<?xml version="1.0" encoding="UTF-8"?>
<testsuite xmlns:xsi="http://www.w3.org/2001/XMLSchema-instance" xsi:noNamespaceSchemaLocation="https://maven.apache.org/surefire/maven-surefire-plugin/xsd/surefire-test-report.xsd" name="org.example.AppTest" time="0.281" tests="1" errors="0" skipped="0" failures="0">
  <properties>
    <property name="sun.desktop" value="windows"/>
    <property name="awt.toolkit" value="sun.awt.windows.WToolkit"/>
    <property name="file.encoding.pkg" value="sun.io"/>
    <property name="java.specification.version" value="1.8"/>
    <property name="sun.cpu.isalist" value="amd64"/>
    <property name="sun.jnu.encoding" value="Cp1252"/>
    <property name="java.class.path" value="E:\code\core\java-project-uu\target\test-classes;E:\code\core\java-project-uu\target\classes;C:\Users\hp\.m2\repository\junit\junit\4.11\junit-4.11.jar;C:\Users\hp\.m2\repository\org\hamcrest\hamcrest-core\1.3\hamcrest-core-1.3.jar;"/>
    <property name="java.vm.vendor" value="Red Hat, Inc."/>
    <property name="sun.arch.data.model" value="64"/>
    <property name="user.variant" value=""/>
    <property name="java.vendor.url" value="https://developers.redhat.com/"/>
    <property name="user.timezone" value="Asia/Calcutta"/>
    <property name="java.vm.specification.version" value="1.8"/>
    <property name="os.name" value="Windows 10"/>
    <property name="user.country" value="US"/>
    <property name="sun.java.launcher" value="SUN_STANDARD"/>
    <property name="sun.boot.library.path" value="E:\core java\java-1.8.0-openjdk-1.8.0.265-3.b01.redhat.windows.x86_64\jre\bin"/>
    <property name="sun.java.command" value="C:\Users\hp\AppData\Local\Temp\surefire3797648310624294389\surefirebooter4377051044091875399.jar C:\Users\hp\AppData\Local\Temp\surefire3797648310624294389 2020-11-24T19-48-44_905-jvmRun1 surefire3000345056688578492tmp surefire_0584671716623168662tmp"/>
    <property name="surefire.test.class.path" value="E:\code\core\java-project-uu\target\test-classes;E:\code\core\java-project-uu\target\classes;C:\Users\hp\.m2\repository\junit\junit\4.11\junit-4.11.jar;C:\Users\hp\.m2\repository\org\hamcrest\hamcrest-core\1.3\hamcrest-core-1.3.jar;"/>
    <property name="sun.cpu.endian" value="little"/>
    <property name="user.home" value="C:\Users\hp"/>
    <property name="user.language" value="en"/>
    <property name="java.specification.vendor" value="Oracle Corporation"/>
    <property name="java.home" value="E:\core java\java-1.8.0-openjdk-1.8.0.265-3.b01.redhat.windows.x86_64\jre"/>
    <property name="basedir" value="E:\code\core\java-project-uu"/>
    <property name="file.separator" value="\"/>
    <property name="line.separator" value="&#10;"/>
    <property name="java.vm.specification.vendor" value="Oracle Corporation"/>
    <property name="java.specification.name" value="Java Platform API Specification"/>
    <property name="java.awt.graphicsenv" value="sun.awt.Win32GraphicsEnvironment"/>
    <property name="surefire.real.class.path" value="C:\Users\hp\AppData\Local\Temp\surefire3797648310624294389\surefirebooter4377051044091875399.jar"/>
    <property name="sun.boot.class.path" value="E:\core java\java-1.8.0-openjdk-1.8.0.265-3.b01.redhat.windows.x86_64\jre\lib\resources.jar;E:\core java\java-1.8.0-openjdk-1.8.0.265-3.b01.redhat.windows.x86_64\jre\lib\rt.jar;E:\core java\java-1.8.0-openjdk-1.8.0.265-3.b01.redhat.windows.x86_64\jre\lib\sunrsasign.jar;E:\core java\java-1.8.0-openjdk-1.8.0.265-3.b01.redhat.windows.x86_64\jre\lib\jsse.jar;E:\core java\java-1.8.0-openjdk-1.8.0.265-3.b01.redhat.windows.x86_64\jre\lib\jce.jar;E:\core java\java-1.8.0-openjdk-1.8.0.265-3.b01.redhat.windows.x86_64\jre\lib\charsets.jar;E:\core java\java-1.8.0-openjdk-1.8.0.265-3.b01.redhat.windows.x86_64\jre\lib\jfr.jar;E:\core java\java-1.8.0-openjdk-1.8.0.265-3.b01.redhat.windows.x86_64\jre\classes"/>
    <property name="user.script" value=""/>
    <property name="sun.management.compiler" value="HotSpot 64-Bit Tiered Compilers"/>
    <property name="java.runtime.version" value="1.8.0_265-b01"/>
    <property name="user.name" value="hp"/>
    <property name="path.separator" value=";"/>
    <property name="os.version" value="10.0"/>
    <property name="java.endorsed.dirs" value="E:\core java\java-1.8.0-openjdk-1.8.0.265-3.b01.redhat.windows.x86_64\jre\lib\endorsed"/>
    <property name="java.runtime.name" value="OpenJDK Runtime Environment"/>
    <property name="file.encoding" value="Cp1252"/>
    <property name="java.vm.name" value="OpenJDK 64-Bit Server VM"/>
    <property name="localRepository" value="C:\Users\hp\.m2\repository"/>
    <property name="java.vendor.url.bug" value="https://bugzilla.redhat.com/enter_bug.cgi"/>
    <property name="java.io.tmpdir" value="C:\Users\hp\AppData\Local\Temp\"/>
    <property name="java.version" value="1.8.0_265"/>
    <property name="user.dir" value="E:\code\core\java-project-uu"/>
    <property name="os.arch" value="amd64"/>
    <property name="java.vm.specification.name" value="Java Virtual Machine Specification"/>
    <property name="java.awt.printerjob" value="sun.awt.windows.WPrinterJob"/>
    <property name="sun.os.patch.level" value=""/>
    <property name="java.library.path" value="E:\core java\java-1.8.0-openjdk-1.8.0.265-3.b01.redhat.windows.x86_64\jre\bin;C:\WINDOWS\Sun\Java\bin;C:\WINDOWS\system32;C:\WINDOWS;C:\WINDOWS\system32;C:\WINDOWS;C:\WINDOWS\System32\Wbem;C:\WINDOWS\System32\WindowsPowerShell\v1.0\;C:\WINDOWS\System32\OpenSSH\;C:\Program Files\Java\jdk-14.0.2\bin;E:\core java\apache-maven-3.6.3\bin;C:\Program Files\Git\cmd;C:\Users\hp\AppData\Local\Programs\Python\Python37;C:\Users\hp\AppData\Local\Programs\Python\Python37\Scripts;E:\softwares\node-v10.23.0-win-x64;C:\Program Files\MySQL\MySQL Shell 8.0\bin\;C:\Users\hp\AppData\Local\Programs\Python\Python39\Scripts\;C:\Users\hp\AppData\Local\Programs\Python\Python39\;C:\Users\hp\AppData\Local\Microsoft\WindowsApps;E:\core java\java-1.8.0-openjdk-1.8.0.265-3.b01.redhat.windows.x86_64\bin;E:\core java\java-1.8.0-openjdk-1.8.0.265-3.b01.redhat.windows.x86_64\bin;C:\Program Files\JetBrains\pycharm new setup\PyCharm Community Edition 2020.2.2\bin;C:\Program Files\MariaDB 10.5\bin;."/>
    <property name="java.vm.info" value="mixed mode"/>
    <property name="java.vendor" value="Red Hat, Inc."/>
    <property name="java.vm.version" value="25.265-b01"/>
    <property name="java.ext.dirs" value="E:\core java\java-1.8.0-openjdk-1.8.0.265-3.b01.redhat.windows.x86_64\jre\lib\ext;C:\WINDOWS\Sun\Java\lib\ext"/>
    <property name="sun.io.unicode.encoding" value="UnicodeLittle"/>
    <property name="java.class.version" value="52.0"/>
  </properties>
  <testcase name="shouldAnswerWithTrue" classname="org.example.AppTest" time="0"/>
</testsuite>